[INFO] Scanning for projects...
[INFO] 
[INFO] -------------------< com.campus-buddy:auth-service >--------------------
[INFO] Building auth-service 0.0.1-SNAPSHOT
[INFO]   from pom.xml
[INFO] --------------------------------[ jar ]---------------------------------
[INFO] 
[INFO] >>> spring-boot:4.0.2:run (default-cli) > test-compile @ auth-service >>>
[INFO] 
[INFO] --- resources:3.3.1:resources (default-resources) @ auth-service ---
[INFO] Copying 1 resource from src/main/resources to target/classes
[INFO] Copying 0 resource from src/main/resources to target/classes
[INFO] 
[INFO] --- compiler:3.14.1:compile (default-compile) @ auth-service ---
[INFO] Recompiling the module because of changed source code.
[INFO] Compiling 17 source files with javac [debug parameters release 21] to target/classes
[INFO] -------------------------------------------------------------
[ERROR] COMPILATION ERROR : 
[INFO] -------------------------------------------------------------
[ERROR] /Users/parth/Desktop/campus-buddy/backend/auth-service/src/main/java/com/campus_buddy/auth_service/exception/GlobalExceptionHandler.java: error reading /Users/parth/Desktop/campus-buddy/backend/auth-service/src/main/java/com/campus_buddy/auth_service/exception/GlobalExceptionHandler.java; Operation timed out
[ERROR] /Users/parth/Desktop/campus-buddy/backend/auth-service/src/main/java/com/campus_buddy/auth_service/exception/UserNotFoundException.java: error reading /Users/parth/Desktop/campus-buddy/backend/auth-service/src/main/java/com/campus_buddy/auth_service/exception/UserNotFoundException.java; Operation timed out
[ERROR] /Users/parth/Desktop/campus-buddy/backend/auth-service/src/main/java/com/campus_buddy/auth_service/model/User.java: error reading /Users/parth/Desktop/campus-buddy/backend/auth-service/src/main/java/com/campus_buddy/auth_service/model/User.java; /Users/parth/Desktop/campus-buddy/backend/auth-service/src/main/java/com/campus_buddy/auth_service/model/User.java
[INFO] 3 errors 
[INFO] -------------------------------------------------------------
[INFO] ------------------------------------------------------------------------
[INFO] BUILD FAILURE
[INFO] ------------------------------------------------------------------------
[INFO] Total time:  17:55 min
[INFO] Finished at: 2026-02-14T13:31:41+05:30
[INFO] ------------------------------------------------------------------------
[ERROR] Failed to execute goal org.apache.maven.plugins:maven-compiler-plugin:3.14.1:compile (default-compile) on project auth-service: Compilation failure: Compilation failure: 
[ERROR] /Users/parth/Desktop/campus-buddy/backend/auth-service/src/main/java/com/campus_buddy/auth_service/exception/GlobalExceptionHandler.java: error reading /Users/parth/Desktop/campus-buddy/backend/auth-service/src/main/java/com/campus_buddy/auth_service/exception/GlobalExceptionHandler.java; Operation timed out
[ERROR] /Users/parth/Desktop/campus-buddy/backend/auth-service/src/main/java/com/campus_buddy/auth_service/exception/UserNotFoundException.java: error reading /Users/parth/Desktop/campus-buddy/backend/auth-service/src/main/java/com/campus_buddy/auth_service/exception/UserNotFoundException.java; Operation timed out
[ERROR] /Users/parth/Desktop/campus-buddy/backend/auth-service/src/main/java/com/campus_buddy/auth_service/model/User.java: error reading /Users/parth/Desktop/campus-buddy/backend/auth-service/src/main/java/com/campus_buddy/auth_service/model/User.java; /Users/parth/Desktop/campus-buddy/backend/auth-service/src/main/java/com/campus_buddy/auth_service/model/User.java
[ERROR] -> [Help 1]
[ERROR] 
[ERROR] To see the full stack trace of the errors, re-run Maven with the -e switch.
[ERROR] Re-run Maven using the -X switch to enable full debug logging.
[ERROR] 
[ERROR] For more information about the errors and possible solutions, please read the following articles:
[ERROR] [Help 1] http://cwiki.apache.org/confluence/display/MAVEN/MojoFailureException
